<?xml version="1.0" encoding="utf-8"?>
<coverage line-rate="0.1814" branch-rate="0.2901" version="1.9" timestamp="1778002332" lines-covered="795" lines-valid="4382" branches-covered="278" branches-valid="958">
  <sources>
    <source>V:\Repos\StemForge\src\StemForge\</source>
  </sources>
  <packages>
    <package name="StemForge" line-rate="0.1814" branch-rate="0.2901" complexity="1267">
      <classes>
        <class name="System.Text.RegularExpressions.Generated.&lt;RegexGenerator_g&gt;F8D5B9E306FFA23B5CE67E8E650233C860E0F6A9C06E06CD6F22344486D8994DF__YtVideoIdRegex_0" filename="obj\Debug\net10.0\System.Text.RegularExpressions.Generator\System.Text.RegularExpressions.Generator.RegexGenerator\RegexGenerator.g.cs" line-rate="1" branch-rate="1" complexity="2">
          <methods>
            <method name=".ctor" signature="()" line-rate="1" branch-rate="1" complexity="1">
              <lines>
                <line number="114" hits="1" branch="False" />
                <line number="115" hits="1" branch="False" />
                <line number="116" hits="1" branch="False" />
                <line number="117" hits="1" branch="False" />
                <line number="118" hits="1" branch="False" />
                <line number="119" hits="1" branch="False" />
                <line number="120" hits="1" branch="False" />
                <line number="121" hits="1" branch="False" />
                <line number="122" hits="1" branch="False" />
                <line number="123" hits="1" branch="False" />
                <line number="124" hits="1" branch="False" />
              </lines>
            </method>
            <method name=".cctor" signature="()" line-rate="1" branch-rate="1" complexity="1">
              <lines>
                <line number="111" hits="1" branch="False" />
              </lines>
            </method>
          </methods>
          <lines>
            <line number="114" hits="1" branch="False" />
            <line number="115" hits="1" branch="False" />
            <line number="116" hits="1" branch="False" />
            <line number="117" hits="1" branch="False" />
            <line number="118" hits="1" branch="False" />
            <line number="119" hits="1" branch="False" />
            <line number="120" hits="1" branch="False" />
            <line number="121" hits="1" branch="False" />
            <line number="122" hits="1" branch="False" />
            <line number="123" hits="1" branch="False" />
            <line number="124" hits="1" branch="False" />
            <line number="111" hits="1" branch="False" />
          </lines>
        </class>
        <class name="System.Text.RegularExpressions.Generated.&lt;RegexGenerator_g&gt;F8D5B9E306FFA23B5CE67E8E650233C860E0F6A9C06E06CD6F22344486D8994DF__YtVideoIdRegex_0/RunnerFactory" filename="obj\Debug\net10.0\System.Text.RegularExpressions.Generator\System.Text.RegularExpressions.Generator.RegexGenerator\RegexGenerator.g.cs" line-rate="1" branch-rate="1" complexity="1">
          <methods>
            <method name="CreateInstance" signature="()" line-rate="1" branch-rate="1" complexity="1">
              <lines>
                <line number="130" hits="1" branch="False" />
              </lines>
            </method>
          </methods>
          <lines>
            <line number="130" hits="1" branch="False" />
          </lines>
        </class>
        <class name="System.Text.RegularExpressions.Generated.&lt;RegexGenerator_g&gt;F8D5B9E306FFA23B5CE67E8E650233C860E0F6A9C06E06CD6F22344486D8994DF__YtVideoIdRegex_0/RunnerFactory/Runner" filename="obj\Debug\net10.0\System.Text.RegularExpressions.Generator\System.Text.RegularExpressions.Generator.RegexGenerator\RegexGenerator.g.cs" line-rate="0.6987000000000001" branch-rate="0.6406000000000001" complexity="192">
          <methods>
            <method name="Scan" signature="(System.ReadOnlySpan`1&lt;System.Char&gt;)" line-rate="1" branch-rate="0.75" complexity="4">
              <lines>
                <line number="138" hits="7" branch="False" />
                <line number="140" hits="7" branch="True" condition-coverage="75% (3/4)">
                  <conditions>
                    <condition number="8" type="jump" coverage="50%" />
                    <condition number="25" type="jump" coverage="100%" />
                  </conditions>
                </line>
                <line number="141" hits="2" branch="False" />
                <line number="142" hits="2" branch="False" />
                <line number="143" hits="2" branch="False" />
                <line number="144" hits="7" branch="False" />
              </lines>
            </method>
            <method name="TryFindNextPossibleStartingPosition" signature="(System.ReadOnlySpan`1&lt;System.Char&gt;)" line-rate="0.7272" branch-rate="0.5" complexity="4">
              <lines>
                <line number="150" hits="7" branch="False" />
                <line number="151" hits="7" branch="False" />
                <line number="154" hits="7" branch="True" condition-coverage="50% (1/2)">
                  <conditions>
                    <condition number="26" type="jump" coverage="50%" />
                  </conditions>
                </line>
                <line number="155" hits="7" branch="False" />
                <line number="157" hits="7" branch="True" condition-coverage="50% (1/2)">
                  <conditions>
                    <condition number="35" type="jump" coverage="50%" />
                  </conditions>
                </line>
                <line number="158" hits="7" branch="False" />
                <line number="159" hits="7" branch="False" />
                <line number="161" hits="0" branch="False" />
                <line number="164" hits="0" branch="False" />
                <line number="165" hits="0" branch="False" />
                <line number="166" hits="7" branch="False" />
              </lines>
            </method>
            <method name="TryMatchAtCurrentPosition" signature="(System.ReadOnlySpan`1&lt;System.Char&gt;)" line-rate="0.6960999999999999" branch-rate="0.6428" complexity="182">
              <lines>
                <line number="172" hits="7" branch="False" />
                <line number="173" hits="7" branch="False" />
                <line number="174" hits="7" branch="False" />
                <line number="176" hits="7" branch="False" />
                <line number="177" hits="14" branch="False" />
                <line number="178" hits="7" branch="False" />
                <line number="179" hits="7" branch="False" />
                <line number="180" hits="7" branch="False" />
                <line number="181" hits="14" branch="False" />
                <line number="182" hits="7" branch="False" />
                <line number="183" hits="7" branch="False" />
                <line number="184" hits="7" branch="False" />
                <line number="185" hits="7" branch="False" />
                <line number="186" hits="7" branch="False" />
                <line number="189" hits="7" branch="True" condition-coverage="50% (1/2)">
                  <conditions>
                    <condition number="63" type="jump" coverage="50%" />
                  </conditions>
                </line>
                <line number="190" hits="0" branch="False" />
                <line number="191" hits="0" branch="False" />
                <line number="192" hits="0" branch="False" />
                <line number="197" hits="7" branch="False" />
                <line number="199" hits="7" branch="False" />
                <line number="200" hits="7" branch="False" />
                <line number="202" hits="7" branch="False" />
                <line number="206" hits="7" branch="False" />
                <line number="207" hits="7" branch="False" />
                <line number="209" hits="7" branch="False" />
                <line number="210" hits="7" branch="False" />
                <line number="212" hits="7" branch="False" />
                <line number="213" hits="7" branch="False" />
                <line number="217" hits="7" branch="False" />
                <line number="219" hits="7" branch="False" />
                <line number="220" hits="7" branch="False" />
                <line number="222" hits="7" branch="False" />
                <line number="224" hits="7" branch="True" condition-coverage="75% (3/4)">
                  <conditions>
                    <condition number="191" type="jump" coverage="50%" />
                    <condition number="221" type="jump" coverage="100%" />
                  </conditions>
                </line>
                <line number="225" hits="7" branch="False" />
                <line number="226" hits="1" branch="False" />
                <line number="227" hits="1" branch="False" />
                <line number="231" hits="6" branch="False" />
                <line number="232" hits="6" branch="True" condition-coverage="75% (3/4)">
                  <conditions>
                    <condition number="235" type="jump" coverage="50%" />
                    <condition number="260" type="jump" coverage="100%" />
                  </conditions>
                </line>
                <line number="233" hits="6" branch="False" />
                <line number="234" hits="6" branch="False" />
                <line number="235" hits="6" branch="False" />
                <line number="236" hits="6" branch="False" />
                <line number="237" hits="6" branch="False" />
                <line number="240" hits="6" branch="True" condition-coverage="50% (1/2)">
                  <conditions>
                    <condition number="309" type="jump" coverage="50%" />
                  </conditions>
                </line>
                <line number="241" hits="0" branch="False" />
                <line number="242" hits="0" branch="False" />
                <line number="245" hits="6" branch="False" />
                <line number="246" hits="6" branch="False" />
                <line number="249" hits="6" branch="True" condition-coverage="50% (1/2)">
                  <conditions>
                    <condition number="337" type="jump" coverage="50%" />
                  </conditions>
                </line>
                <line number="250" hits="0" branch="False" />
                <line number="251" hits="0" branch="False" />
                <line number="253" hits="6" branch="False" />
                <line number="256" hits="6" branch="False" />
                <line number="257" hits="6" branch="True" condition-coverage="100% (2/2)">
                  <conditions>
                    <condition number="362" type="jump" coverage="100%" />
                  </conditions>
                </line>
                <line number="258" hits="3" branch="False" />
                <line number="260" hits="3" branch="False" />
                <line number="262" hits="3" branch="False" />
                <line number="263" hits="3" branch="False" />
                <line number="264" hits="3" branch="False" />
                <line number="265" hits="9" branch="False" />
                <line number="267" hits="9" branch="False" />
                <line number="268" hits="9" branch="False" />
                <line number="270" hits="5" branch="False" />
                <line number="271" hits="5" branch="False" />
                <line number="272" hits="5" branch="True" condition-coverage="50% (1/2)">
                  <conditions>
                    <condition number="461" type="jump" coverage="50%" />
                  </conditions>
                </line>
                <line number="273" hits="0" branch="False" />
                <line number="274" hits="0" branch="False" />
                <line number="275" hits="0" branch="False" />
                <line number="277" hits="5" branch="False" />
                <line number="279" hits="18" branch="False" />
                <line number="284" hits="9" branch="False" />
                <line number="286" hits="9" branch="False" />
                <line number="287" hits="9" branch="False" />
                <line number="289" hits="9" branch="False" />
                <line number="293" hits="9" branch="False" />
                <line number="294" hits="9" branch="False" />
                <line number="299" hits="9" branch="False" />
                <line number="300" hits="9" branch="True" condition-coverage="100% (8/8)">
                  <conditions>
                    <condition number="527" type="jump" coverage="100%" />
                    <condition number="543" type="jump" coverage="100%" />
                    <condition number="559" type="jump" coverage="100%" />
                    <condition number="587" type="jump" coverage="100%" />
                  </conditions>
                </line>
                <line number="301" hits="9" branch="False" />
                <line number="302" hits="9" branch="False" />
                <line number="303" hits="9" branch="False" />
                <line number="304" hits="8" branch="False" />
                <line number="305" hits="8" branch="False" />
                <line number="307" hits="1" branch="False" />
                <line number="309" hits="1" branch="False" />
                <line number="310" hits="1" branch="False" />
                <line number="311" hits="1" branch="False" />
                <line number="312" hits="1" branch="False" />
                <line number="314" hits="8" branch="False" />
                <line number="315" hits="8" branch="False" />
                <line number="316" hits="8" branch="False" />
                <line number="317" hits="8" branch="False" />
                <line number="322" hits="8" branch="True" condition-coverage="75% (3/4)">
                  <conditions>
                    <condition number="662" type="jump" coverage="50%" />
                    <condition number="692" type="jump" coverage="100%" />
                  </conditions>
                </line>
                <line number="323" hits="8" branch="False" />
                <line number="324" hits="7" branch="False" />
                <line number="325" hits="7" branch="False" />
                <line number="328" hits="1" branch="False" />
                <line number="329" hits="1" branch="False" />
                <line number="330" hits="1" branch="False" />
                <line number="331" hits="1" branch="False" />
                <line number="333" hits="7" branch="False" />
                <line number="334" hits="7" branch="False" />
                <line number="335" hits="7" branch="False" />
                <line number="336" hits="7" branch="False" />
                <line number="342" hits="7" branch="True" condition-coverage="75% (3/4)">
                  <conditions>
                    <condition number="765" type="jump" coverage="50%" />
                    <condition number="793" type="jump" coverage="100%" />
                  </conditions>
                </line>
                <line number="343" hits="6" branch="False" />
                <line number="344" hits="6" branch="False" />
                <line number="347" hits="1" branch="False" />
                <line number="348" hits="1" branch="False" />
                <line number="349" hits="1" branch="False" />
                <line number="350" hits="1" branch="False" />
                <line number="353" hits="0" branch="False" />
                <line number="354" hits="0" branch="True" condition-coverage="0% (0/2)">
                  <conditions>
                    <condition number="846" type="jump" coverage="0%" />
                  </conditions>
                </line>
                <line number="355" hits="0" branch="False" />
                <line number="356" hits="0" branch="False" />
                <line number="357" hits="0" branch="False" />
                <line number="359" hits="0" branch="False" />
                <line number="360" hits="0" branch="True" condition-coverage="100% (4/4)">
                  <conditions>
                    <condition number="897" type="switch" coverage="100%" />
                  </conditions>
                </line>
                <line number="363" hits="0" branch="False" />
                <line number="365" hits="0" branch="False" />
                <line number="367" hits="0" branch="False" />
                <line number="370" hits="6" branch="False" />
                <line number="374" hits="3" branch="True" condition-coverage="50% (2/4)">
                  <conditions>
                    <condition number="937" type="jump" coverage="50%" />
                    <condition number="962" type="jump" coverage="50%" />
                  </conditions>
                </line>
                <line number="375" hits="0" branch="False" />
                <line number="376" hits="0" branch="False" />
                <line number="379" hits="3" branch="False" />
                <line number="380" hits="3" branch="False" />
                <line number="383" hits="3" branch="True" condition-coverage="50% (1/2)">
                  <conditions>
                    <condition number="993" type="jump" coverage="50%" />
                  </conditions>
                </line>
                <line number="384" hits="0" branch="False" />
                <line number="385" hits="0" branch="False" />
                <line number="387" hits="3" branch="False" />
                <line number="390" hits="6" branch="False" />
                <line number="391" hits="6" branch="True" condition-coverage="50% (1/2)">
                  <conditions>
                    <condition number="1018" type="jump" coverage="50%" />
                  </conditions>
                </line>
                <line number="392" hits="0" branch="False" />
                <line number="394" hits="0" branch="False" />
                <line number="396" hits="6" branch="False" />
                <line number="397" hits="6" branch="False" />
                <line number="398" hits="6" branch="False" />
                <line number="399" hits="6" branch="False" />
                <line number="401" hits="5" branch="False" />
                <line number="402" hits="5" branch="True" condition-coverage="50% (1/2)">
                  <conditions>
                    <condition number="1084" type="jump" coverage="50%" />
                  </conditions>
                </line>
                <line number="403" hits="0" branch="False" />
                <line number="404" hits="0" branch="False" />
                <line number="405" hits="0" branch="False" />
                <line number="407" hits="5" branch="True" condition-coverage="50% (1/2)">
                  <conditions>
                    <condition number="1104" type="jump" coverage="50%" />
                  </conditions>
                </line>
                <line number="408" hits="5" branch="False" />
                <line number="410" hits="5" branch="False" />
                <line number="412" hits="0" branch="False" />
                <line number="413" hits="9" branch="False" />
                <line number="415" hits="9" branch="False" />
                <line number="416" hits="9" branch="False" />
                <line number="418" hits="5" branch="False" />
                <line number="419" hits="5" branch="False" />
                <line number="420" hits="5" branch="True" condition-coverage="50% (1/2)">
                  <conditions>
                    <condition number="1162" type="jump" coverage="50%" />
                  </conditions>
                </line>
                <line number="421" hits="0" branch="False" />
                <line number="422" hits="0" branch="False" />
                <line number="423" hits="0" branch="False" />
                <line number="425" hits="5" branch="False" />
                <line number="427" hits="18" branch="False" />
                <line number="433" hits="9" branch="True" condition-coverage="75% (3/4)">
                  <conditions>
                    <condition number="1180" type="jump" coverage="100%" />
                    <condition number="1194" type="jump" coverage="50%" />
                  </conditions>
                </line>
                <line number="434" hits="0" branch="False" />
                <line number="435" hits="0" branch="False" />
                <line number="437" hits="9" branch="False" />
                <line number="440" hits="3" branch="False" />
                <line number="441" hits="3" branch="True" condition-coverage="50% (1/2)">
                  <conditions>
                    <condition number="1219" type="jump" coverage="50%" />
                  </conditions>
                </line>
                <line number="442" hits="0" branch="False" />
                <line number="444" hits="0" branch="False" />
                <line number="446" hits="3" branch="False" />
                <line number="447" hits="3" branch="False" />
                <line number="448" hits="3" branch="False" />
                <line number="449" hits="3" branch="False" />
                <line number="451" hits="8" branch="False" />
                <line number="452" hits="8" branch="True" condition-coverage="50% (1/2)">
                  <conditions>
                    <condition number="1288" type="jump" coverage="50%" />
                  </conditions>
                </line>
                <line number="453" hits="0" branch="False" />
                <line number="454" hits="0" branch="False" />
                <line number="455" hits="0" branch="False" />
                <line number="457" hits="8" branch="True" condition-coverage="100% (2/2)">
                  <conditions>
                    <condition number="1308" type="jump" coverage="100%" />
                  </conditions>
                </line>
                <line number="458" hits="3" branch="False" />
                <line number="460" hits="3" branch="False" />
                <line number="462" hits="5" branch="False" />
                <line number="463" hits="12" branch="False" />
                <line number="465" hits="12" branch="False" />
                <line number="466" hits="12" branch="False" />
                <line number="468" hits="8" branch="False" />
                <line number="469" hits="8" branch="False" />
                <line number="470" hits="8" branch="True" condition-coverage="50% (1/2)">
                  <conditions>
                    <condition number="1370" type="jump" coverage="50%" />
                  </conditions>
                </line>
                <line number="471" hits="0" branch="False" />
                <line number="472" hits="0" branch="False" />
                <line number="473" hits="0" branch="False" />
                <line number="475" hits="8" branch="False" />
                <line number="477" hits="24" branch="False" />
                <line number="480" hits="12" branch="True" condition-coverage="75% (3/4)">
                  <conditions>
                    <condition number="1393" type="jump" coverage="50%" />
                    <condition number="1423" type="jump" coverage="100%" />
                  </conditions>
                </line>
                <line number="481" hits="12" branch="False" />
                <line number="482" hits="8" branch="False" />
                <line number="483" hits="8" branch="False" />
                <line number="488" hits="4" branch="True" condition-coverage="50% (1/2)">
                  <conditions>
                    <condition number="1442" type="jump" coverage="50%" />
                  </conditions>
                </line>
                <line number="489" hits="0" branch="False" />
                <line number="490" hits="0" branch="False" />
                <line number="493" hits="4" branch="True" condition-coverage="100% (6/6)">
                  <conditions>
                    <condition number="1482" type="jump" coverage="100%" />
                    <condition number="1466" type="jump" coverage="100%" />
                    <condition number="1474" type="jump" coverage="100%" />
                  </conditions>
                </line>
                <line number="497" hits="3" branch="True" condition-coverage="50% (2/4)">
                  <conditions>
                    <condition number="1498" type="jump" coverage="50%" />
                    <condition number="1534" type="jump" coverage="50%" />
                  </conditions>
                </line>
                <line number="498" hits="3" branch="False" />
                <line number="499" hits="0" branch="False" />
                <line number="500" hits="0" branch="False" />
                <line number="503" hits="3" branch="False" />
                <line number="504" hits="3" branch="False" />
                <line number="505" hits="3" branch="False" />
                <line number="509" hits="1" branch="True" condition-coverage="50% (2/4)">
                  <conditions>
                    <condition number="1567" type="jump" coverage="50%" />
                    <condition number="1603" type="jump" coverage="50%" />
                  </conditions>
                </line>
                <line number="510" hits="1" branch="False" />
                <line number="511" hits="0" branch="False" />
                <line number="512" hits="0" branch="False" />
                <line number="515" hits="1" branch="False" />
                <line number="516" hits="1" branch="False" />
                <line number="517" hits="1" branch="False" />
                <line number="520" hits="0" branch="False" />
                <line number="526" hits="4" branch="False" />
                <line number="527" hits="4" branch="False" />
                <line number="529" hits="18" branch="False" />
                <line number="530" hits="18" branch="False" />
                <line number="531" hits="18" branch="True" condition-coverage="50% (1/2)">
                  <conditions>
                    <condition number="1656" type="jump" coverage="50%" />
                  </conditions>
                </line>
                <line number="532" hits="0" branch="False" />
                <line number="533" hits="0" branch="False" />
                <line number="534" hits="0" branch="False" />
                <line number="536" hits="18" branch="False" />
                <line number="537" hits="18" branch="False" />
                <line number="538" hits="18" branch="True" condition-coverage="50% (2/4)">
                  <conditions>
                    <condition number="1687" type="jump" coverage="50%" />
                    <condition number="1710" type="jump" coverage="50%" />
                  </conditions>
                </line>
                <line number="539" hits="0" branch="False" />
                <line number="540" hits="0" branch="False" />
                <line number="542" hits="18" branch="False" />
                <line number="543" hits="18" branch="False" />
                <line number="544" hits="18" branch="False" />
                <line number="546" hits="22" branch="False" />
                <line number="547" hits="22" branch="False" />
                <line number="549" hits="22" branch="False" />
                <line number="550" hits="22" branch="False" />
                <line number="552" hits="18" branch="False" />
                <line number="553" hits="18" branch="False" />
                <line number="554" hits="18" branch="False" />
                <line number="556" hits="44" branch="False" />
                <line number="561" hits="22" branch="True" condition-coverage="50% (1/2)">
                  <conditions>
                    <condition number="1801" type="jump" coverage="50%" />
                  </conditions>
                </line>
                <line number="562" hits="0" branch="False" />
                <line number="563" hits="0" branch="False" />
                <line number="566" hits="22" branch="True" condition-coverage="100% (4/4)">
                  <conditions>
                    <condition number="1833" type="jump" coverage="100%" />
                    <condition number="1825" type="jump" coverage="100%" />
                  </conditions>
                </line>
                <line number="570" hits="3" branch="True" condition-coverage="50% (3/6)">
                  <conditions>
                    <condition number="1845" type="jump" coverage="50%" />
                    <condition number="1861" type="jump" coverage="50%" />
                    <condition number="1886" type="jump" coverage="50%" />
                  </conditions>
                </line>
                <line number="571" hits="3" branch="False" />
                <line number="572" hits="3" branch="False" />
                <line number="573" hits="0" branch="False" />
                <line number="574" hits="0" branch="False" />
                <line number="577" hits="3" branch="False" />
                <line number="578" hits="3" branch="False" />
                <line number="579" hits="3" branch="False" />
                <line number="582" hits="4" branch="False" />
                <line number="583" hits="4" branch="False" />
                <line number="584" hits="4" branch="False" />
                <line number="587" hits="15" branch="False" />
                <line number="593" hits="7" branch="True" condition-coverage="50% (1/2)">
                  <conditions>
                    <condition number="1937" type="jump" coverage="50%" />
                  </conditions>
                </line>
                <line number="594" hits="0" branch="False" />
                <line number="595" hits="0" branch="False" />
                <line number="597" hits="7" branch="False" />
                <line number="600" hits="3" branch="False" />
                <line number="601" hits="3" branch="True" condition-coverage="50% (1/2)">
                  <conditions>
                    <condition number="1965" type="jump" coverage="50%" />
                  </conditions>
                </line>
                <line number="602" hits="0" branch="False" />
                <line number="604" hits="0" branch="False" />
                <line number="605" hits="0" branch="False" />
                <line number="607" hits="3" branch="False" />
                <line number="608" hits="3" branch="False" />
                <line number="609" hits="3" branch="False" />
                <line number="610" hits="3" branch="False" />
                <line number="612" hits="5" branch="False" />
                <line number="613" hits="5" branch="True" condition-coverage="50% (1/2)">
                  <conditions>
                    <condition number="2042" type="jump" coverage="50%" />
                  </conditions>
                </line>
                <line number="614" hits="0" branch="False" />
                <line number="615" hits="0" branch="False" />
                <line number="616" hits="0" branch="False" />
                <line number="618" hits="5" branch="True" condition-coverage="100% (2/2)">
                  <conditions>
                    <condition number="2062" type="jump" coverage="100%" />
                  </conditions>
                </line>
                <line number="619" hits="2" branch="False" />
                <line number="621" hits="2" branch="False" />
                <line number="622" hits="2" branch="False" />
                <line number="624" hits="3" branch="False" />
                <line number="625" hits="20" branch="False" />
                <line number="629" hits="10" branch="False" />
                <line number="630" hits="10" branch="False" />
                <line number="633" hits="10" branch="False" />
                <line number="634" hits="10" branch="True" condition-coverage="76.08% (35/46)">
                  <conditions>
                    <condition number="2101" type="jump" coverage="100%" />
                    <condition number="2122" type="jump" coverage="50%" />
                    <condition number="2166" type="jump" coverage="100%" />
                    <condition number="2187" type="jump" coverage="50%" />
                    <condition number="2231" type="jump" coverage="100%" />
                    <condition number="2252" type="jump" coverage="50%" />
                    <condition number="2296" type="jump" coverage="100%" />
                    <condition number="2317" type="jump" coverage="50%" />
                    <condition number="2361" type="jump" coverage="100%" />
                    <condition number="2382" type="jump" coverage="50%" />
                    <condition number="2426" type="jump" coverage="100%" />
                    <condition number="2447" type="jump" coverage="50%" />
                    <condition number="2491" type="jump" coverage="100%" />
                    <condition number="2512" type="jump" coverage="50%" />
                    <condition number="2556" type="jump" coverage="100%" />
                    <condition number="2577" type="jump" coverage="50%" />
                    <condition number="2621" type="jump" coverage="100%" />
                    <condition number="2642" type="jump" coverage="50%" />
                    <condition number="2686" type="jump" coverage="100%" />
                    <condition number="2705" type="jump" coverage="50%" />
                    <condition number="2749" type="jump" coverage="100%" />
                    <condition number="2768" type="jump" coverage="50%" />
                    <condition number="2819" type="jump" coverage="100%" />
                  </conditions>
                </line>
                <line number="635" hits="10" branch="False" />
                <line number="636" hits="10" branch="False" />
                <line number="637" hits="10" branch="False" />
                <line number="638" hits="10" branch="False" />
                <line number="639" hits="10" branch="False" />
                <line number="640" hits="10" branch="False" />
                <line number="641" hits="10" branch="False" />
                <line number="642" hits="10" branch="False" />
                <line number="643" hits="10" branch="False" />
                <line number="644" hits="10" branch="False" />
                <line number="645" hits="10" branch="False" />
                <line number="646" hits="5" branch="False" />
                <line number="647" hits="5" branch="False" />
                <line number="649" hits="5" branch="False" />
                <line number="651" hits="5" branch="False" />
                <line number="652" hits="5" branch="False" />
                <line number="653" hits="5" branch="False" />
                <line number="654" hits="5" branch="False" />
                <line number="658" hits="5" branch="False" />
                <line number="660" hits="5" branch="False" />
                <line number="661" hits="5" branch="False" />
                <line number="663" hits="5" branch="False" />
                <line number="666" hits="5" branch="True" condition-coverage="50% (2/4)">
                  <conditions>
                    <condition number="2892" type="jump" coverage="50%" />
                    <condition number="2928" type="jump" coverage="50%" />
                  </conditions>
                </line>
                <line number="667" hits="5" branch="False" />
                <line number="668" hits="5" branch="False" />
                <line number="673" hits="0" branch="False" />
                <line number="674" hits="0" branch="False" />
                <line number="675" hits="0" branch="False" />
                <line number="677" hits="0" branch="False" />
                <line number="678" hits="0" branch="True" condition-coverage="0% (0/2)">
                  <conditions>
                    <condition number="2973" type="jump" coverage="0%" />
                  </conditions>
                </line>
                <line number="679" hits="0" branch="False" />
                <line number="680" hits="0" branch="False" />
                <line number="681" hits="0" branch="False" />
                <line number="683" hits="0" branch="False" />
                <line number="684" hits="0" branch="False" />
                <line number="686" hits="0" branch="False" />
                <line number="687" hits="0" branch="False" />
                <line number="689" hits="0" branch="False" />
                <line number="690" hits="0" branch="False" />
                <line number="691" hits="0" branch="False" />
                <line number="693" hits="0" branch="True" condition-coverage="0% (0/2)">
                  <conditions>
                    <condition number="3056" type="jump" coverage="0%" />
                  </conditions>
                </line>
                <line number="694" hits="0" branch="False" />
                <line number="695" hits="0" branch="False" />
                <line number="696" hits="0" branch="False" />
                <line number="698" hits="0" branch="True" condition-coverage="0% (0/2)">
                  <conditions>
                    <condition number="3080" type="jump" coverage="0%" />
                  </conditions>
                </line>
                <line number="699" hits="0" branch="False" />
                <line number="700" hits="0" branch="False" />
                <line number="702" hits="0" branch="False" />
                <line number="703" hits="0" branch="False" />
                <line number="705" hits="0" branch="False" />
                <line number="706" hits="0" branch="False" />
                <line number="711" hits="0" branch="True" condition-coverage="50% (1/2)">
                  <conditions>
                    <condition number="3137" type="jump" coverage="50%" />
                  </conditions>
                </line>
                <line number="712" hits="0" branch="False" />
                <line number="713" hits="0" branch="False" />
                <line number="715" hits="0" branch="False" />
                <line number="718" hits="5" branch="False" />
                <line number="719" hits="5" branch="True" condition-coverage="50% (1/2)">
                  <conditions>
                    <condition number="3162" type="jump" coverage="50%" />
                  </conditions>
                </line>
                <line number="720" hits="0" branch="False" />
                <line number="722" hits="0" branch="False" />
                <line number="724" hits="5" branch="False" />
                <line number="725" hits="5" branch="False" />
                <line number="726" hits="5" branch="False" />
                <line number="727" hits="5" branch="False" />
                <line number="729" hits="0" branch="False" />
                <line number="730" hits="0" branch="True" condition-coverage="0% (0/2)">
                  <conditions>
                    <condition number="3228" type="jump" coverage="0%" />
                  </conditions>
                </line>
                <line number="731" hits="0" branch="False" />
                <line number="732" hits="0" branch="False" />
                <line number="733" hits="0" branch="False" />
                <line number="735" hits="0" branch="True" condition-coverage="0% (0/2)">
                  <conditions>
                    <condition number="3248" type="jump" coverage="0%" />
                  </conditions>
                </line>
                <line number="736" hits="0" branch="False" />
                <line number="738" hits="0" branch="False" />
                <line number="740" hits="0" branch="False" />
                <line number="741" hits="10" branch="False" />
                <line number="745" hits="5" branch="True" condition-coverage="50% (3/6)">
                  <conditions>
                    <condition number="3273" type="jump" coverage="50%" />
                    <condition number="3283" type="jump" coverage="50%" />
                    <condition number="3311" type="jump" coverage="50%" />
                  </conditions>
                </line>
                <line number="746" hits="0" branch="False" />
                <line number="747" hits="0" branch="False" />
                <line number="751" hits="5" branch="False" />
                <line number="752" hits="5" branch="False" />
                <line number="753" hits="5" branch="False" />
                <line number="764" hits="7" branch="False" />
              </lines>
            </method>
            <method name="&lt;TryMatchAtCurrentPosition&gt;g__UncaptureUntil|2_0" signature="(System.Int32)" line-rate="0.5" branch-rate="0.5" complexity="2">
              <lines>
                <line number="758" hits="55" branch="False" />
                <line number="759" hits="55" branch="True" condition-coverage="50% (1/2)">
                  <conditions>
                    <condition number="23" type="jump" coverage="50%" />
                  </conditions>
                </line>
                <line number="760" hits="0" branch="False" />
                <line number="761" hits="0" branch="False" />
                <line number="762" hits="0" branch="False" />
                <line number="763" hits="55" branch="False" />
              </lines>
            </method>
          </methods>
          <lines>
            <line number="138" hits="7" branch="False" />
            <line number="140" hits="7" branch="True" condition-coverage="75% (3/4)">
              <conditions>
                <condition number="8" type="jump" coverage="50%" />
                <condition number="25" type="jump" coverage="100%" />
              </conditions>
            </line>
            <line number="141" hits="2" branch="False" />
            <line number="142" hits="2" branch="False" />
            <line number="143" hits="2" branch="False" />
            <line number="144" hits="7" branch="False" />
            <line number="150" hits="7" branch="False" />
            <line number="151" hits="7" branch="False" />
            <line number="154" hits="7" branch="True" condition-coverage="50% (1/2)">
              <conditions>
                <condition number="26" type="jump" coverage="50%" />
              </conditions>
            </line>
            <line number="155" hits="7" branch="False" />
            <line number="157" hits="7" branch="True" condition-coverage="50% (1/2)">
              <conditions>
                <condition number="35" type="jump" coverage="50%" />
              </conditions>
            </line>
            <line number="158" hits="7" branch="False" />
            <line number="159" hits="7" branch="False" />
            <line number="161" hits="0" branch="False" />
            <line number="164" hits="0" branch="False" />
            <line number="165" hits="0" branch="False" />
            <line number="166" hits="7" branch="False" />
            <line number="172" hits="7" branch="False" />
            <line number="173" hits="7" branch="False" />
            <line number="174" hits="7" branch="False" />
            <line number="176" hits="7" branch="False" />
            <line number="177" hits="14" branch="False" />
            <line number="178" hits="7" branch="False" />
            <line number="179" hits="7" branch="False" />
            <line number="180" hits="7" branch="False" />
            <line number="181" hits="14" branch="False" />
            <line number="182" hits="7" branch="False" />
            <line number="183" hits="7" branch="False" />
            <line number="184" hits="7" branch="False" />
            <line number="185" hits="7" branch="False" />
            <line number="186" hits="7" branch="False" />
            <line number="189" hits="7" branch="True" condition-coverage="50% (1/2)">
              <conditions>
                <condition number="63" type="jump" coverage="50%" />
              </conditions>
            </line>
            <line number="190" hits="0" branch="False" />
            <line number="191" hits="0" branch="False" />
            <line number="192" hits="0" branch="False" />
            <line number="197" hits="7" branch="False" />
            <line number="199" hits="7" branch="False" />
            <line number="200" hits="7" branch="False" />
            <line number="202" hits="7" branch="False" />
            <line number="206" hits="7" branch="False" />
            <line number="207" hits="7" branch="False" />
            <line number="209" hits="7" branch="False" />
            <line number="210" hits="7" branch="False" />
            <line number="212" hits="7" branch="False" />
            <line number="213" hits="7" branch="False" />
            <line number="217" hits="7" branch="False" />
            <line number="219" hits="7" branch="False" />
            <line number="220" hits="7" branch="False" />
            <line number="222" hits="7" branch="False" />
            <line number="224" hits="7" branch="True" condition-coverage="75% (3/4)">
              <conditions>
                <condition number="191" type="jump" coverage="50%" />
                <condition number="221" type="jump" coverage="100%" />
              </conditions>
            </line>
            <line number="225" hits="7" branch="False" />
            <line number="226" hits="1" branch="False" />
            <line number="227" hits="1" branch="False" />
            <line number="231" hits="6" branch="False" />
            <line number="232" hits="6" branch="True" condition-coverage="75% (3/4)">
              <conditions>
                <condition number="235" type="jump" coverage="50%" />
                <condition number="260" type="jump" coverage="100%" />
              </conditions>
            </line>
            <line number="233" hits="6" branch="False" />
            <line number="234" hits="6" branch="False" />
            <line number="235" hits="6" branch="False" />
            <line number="236" hits="6" branch="False" />
            <line number="237" hits="6" branch="False" />
            <line number="240" hits="6" branch="True" condition-coverage="50% (1/2)">
              <conditions>
                <condition number="309" type="jump" coverage="50%" />
              </conditions>
            </line>
            <line number="241" hits="0" branch="False" />
            <line number="242" hits="0" branch="False" />
            <line number="245" hits="6" branch="False" />
            <line number="246" hits="6" branch="False" />
            <line number="249" hits="6" branch="True" condition-coverage="50% (1/2)">
              <conditions>
                <condition number="337" type="jump" coverage="50%" />
              </conditions>
            </line>
            <line number="250" hits="0" branch="False" />
            <line number="251" hits="0" branch="False" />
            <line number="253" hits="6" branch="False" />
            <line number="256" hits="6" branch="False" />
            <line number="257" hits="6" branch="True" condition-coverage="100% (2/2)">
              <conditions>
                <condition number="362" type="jump" coverage="100%" />
              </conditions>
            </line>
            <line number="258" hits="3" branch="False" />
            <line number="260" hits="3" branch="False" />
            <line number="262" hits="3" branch="False" />
            <line number="263" hits="3" branch="False" />
            <line number="264" hits="3" branch="False" />
            <line number="265" hits="9" branch="False" />
            <line number="267" hits="9" branch="False" />
            <line number="268" hits="9" branch="False" />
            <line number="270" hits="5" branch="False" />
            <line number="271" hits="5" branch="False" />
            <line number="272" hits="5" branch="True" condition-coverage="50% (1/2)">
              <conditions>
                <condition number="461" type="jump" coverage="50%" />
              </conditions>
            </line>
            <line number="273" hits="0" branch="False" />
            <line number="274" hits="0" branch="False" />
            <line number="275" hits="0" branch="False" />
            <line number="277" hits="5" branch="False" />
            <line number="279" hits="18" branch="False" />
            <line number="284" hits="9" branch="False" />
            <line number="286" hits="9" branch="False" />
            <line number="287" hits="9" branch="False" />
            <line number="289" hits="9" branch="False" />
            <line number="293" hits="9" branch="False" />
            <line number="294" hits="9" branch="False" />
            <line number="299" hits="9" branch="False" />
            <line number="300" hits="9" branch="True" condition-coverage="100% (8/8)">
              <conditions>
                <condition number="527" type="jump" coverage="100%" />
                <condition number="543" type="jump" coverage="100%" />
                <condition number="559" type="jump" coverage="100%" />
                <condition number="587" type="jump" coverage="100%" />
              </conditions>
            </line>
            <line number="301" hits="9" branch="False" />
            <line number="302" hits="9" branch="False" />
            <line number="303" hits="9" branch="False" />
            <line number="304" hits="8" branch="False" />
            <line number="305" hits="8" branch="False" />
            <line number="307" hits="1" branch="False" />
            <line number="309" hits="1" branch="False" />
            <line number="310" hits="1" branch="False" />
            <line number="311" hits="1" branch="False" />
            <line number="312" hits="1" branch="False" />
            <line number="314" hits="8" branch="False" />
            <line number="315" hits="8" branch="False" />
            <line number="316" hits="8" branch="False" />
            <line number="317" hits="8" branch="False" />
            <line number="322" hits="8" branch="True" condition-coverage="75% (3/4)">
              <conditions>
                <condition number="662" type="jump" coverage="50%" />
                <condition number="692" type="jump" coverage="100%" />
              </conditions>
            </line>
            <line number="323" hits="8" branch="False" />
            <line number="324" hits="7" branch="False" />
            <line number="325" hits="7" branch="False" />
            <line number="328" hits="1" branch="False" />
            <line number="329" hits="1" branch="False" />
            <line number="330" hits="1" branch="False" />
            <line number="331" hits="1" branch="False" />
            <line number="333" hits="7" branch="False" />
            <line number="334" hits="7" branch="False" />
            <line number="335" hits="7" branch="False" />
            <line number="336" hits="7" branch="False" />
            <line number="342" hits="7" branch="True" condition-coverage="75% (3/4)">
              <conditions>
                <condition number="765" type="jump" coverage="50%" />
                <condition number="793" type="jump" coverage="100%" />
              </conditions>
            </line>
            <line number="343" hits="6" branch="False" />
            <line number="344" hits="6" branch="False" />
            <line number="347" hits="1" branch="False" />
            <line number="348" hits="1" branch="False" />
            <line number="349" hits="1" branch="False" />
            <line number="350" hits="1" branch="False" />
            <line number="353" hits="0" branch="False" />
            <line number="354" hits="0" branch="True" condition-coverage="0% (0/2)">
              <conditions>
                <condition number="846" type="jump" coverage="0%" />
              </conditions>
            </line>
            <line number="355" hits="0" branch="False" />
            <line number="356" hits="0" branch="False" />
            <line number="357" hits="0" branch="False" />
            <line number="359" hits="0" branch="False" />
            <line number="360" hits="0" branch="True" condition-coverage="100% (4/4)">
              <conditions>
                <condition number="897" type="switch" coverage="100%" />
              </conditions>
            </line>
            <line number="363" hits="0" branch="False" />
            <line number="365" hits="0" branch="False" />
            <line number="367" hits="0" branch="False" />
            <line number="370" hits="6" branch="False" />
            <line number="374" hits="3" branch="True" condition-coverage="50% (2/4)">
              <conditions>
                <condition number="937" type="jump" coverage="50%" />
                <condition number="962" type="jump" coverage="50%" />
              </conditions>
            </line>
            <line number="375" hits="0" branch="False" />
            <line number="376" hits="0" branch="False" />
            <line number="379" hits="3" branch="False" />
            <line number="380" hits="3" branch="False" />
            <line number="383" hits="3" branch="True" condition-coverage="50% (1/2)">
              <conditions>
                <condition number="993" type="jump" coverage="50%" />
              </conditions>
            </line>
            <line number="384" hits="0" branch="False" />
            <line number="385" hits="0" branch="False" />
            <line number="387" hits="3" branch="False" />
            <line number="390" hits="6" branch="False" />
            <line number="391" hits="6" branch="True" condition-coverage="50% (1/2)">
              <conditions>
                <condition number="1018" type="jump" coverage="50%" />
              </conditions>
            </line>
            <line number="392" hits="0" branch="False" />
            <line number="394" hits="0" branch="False" />
            <line number="396" hits="6" branch="False" />
            <line number="397" hits="6" branch="False" />
            <line number="398" hits="6" branch="False" />
            <line number="399" hits="6" branch="False" />
            <line number="401" hits="5" branch="False" />
            <line number="402" hits="5" branch="True" condition-coverage="50% (1/2)">
              <conditions>
                <condition number="1084" type="jump" coverage="50%" />
              </conditions>
            </line>
            <line number="403" hits="0" branch="False" />
            <line number="404" hits="0" branch="False" />
            <line number="405" hits="0" branch="False" />
            <line number="407" hits="5" branch="True" condition-coverage="50% (1/2)">
              <conditions>
                <condition number="1104" type="jump" coverage="50%" />
              </conditions>
            </line>
            <line number="408" hits="5" branch="False" />
            <line number="410" hits="5" branch="False" />
            <line number="412" hits="0" branch="False" />
            <line number="413" hits="9" branch="False" />
            <line number="415" hits="9" branch="False" />
            <line number="416" hits="9" branch="False" />
            <line number="418" hits="5" branch="False" />
            <line number="419" hits="5" branch="False" />
            <line number="420" hits="5" branch="True" condition-coverage="50% (1/2)">
              <conditions>
                <condition number="1162" type="jump" coverage="50%" />
              </conditions>
            </line>
            <line number="421" hits="0" branch="False" />
            <line number="422" hits="0" branch="False" />
            <line number="423" hits="0" branch="False" />
            <line number="425" hits="5" branch="False" />
            <line number="427" hits="18" branch="False" />
            <line number="433" hits="9" branch="True" condition-coverage="75% (3/4)">
              <conditions>
                <condition number="1180" type="jump" coverage="100%" />
                <condition number="1194" type="jump" coverage="50%" />
              </conditions>
            </line>
            <line number="434" hits="0" branch="False" />
            <line number="435" hits="0" branch="False" />
            <line number="437" hits="9" branch="False" />
            <line number="440" hits="3" branch="False" />
            <line number="441" hits="3" branch="True" condition-coverage="50% (1/2)">
              <conditions>
                <condition number="1219" type="jump" coverage="50%" />
              </conditions>
            </line>
            <line number="442" hits="0" branch="False" />
            <line number="444" hits="0" branch="False" />
            <line number="446" hits="3" branch="False" />
            <line number="447" hits="3" branch="False" />
            <line number="448" hits="3" branch="False" />
            <line number="449" hits="3" branch="False" />
            <line number="451" hits="8" branch="False" />
            <line number="452" hits="8" branch="True" condition-coverage="50% (1/2)">
              <conditions>
                <condition number="1288" type="jump" coverage="50%" />
              </conditions>
            </line>
            <line number="453" hits="0" branch="False" />
            <line number="454" hits="0" branch="False" />
            <line number="455" hits="0" branch="False" />
            <line number="457" hits="8" branch="True" condition-coverage="100% (2/2)">
              <conditions>
                <condition number="1308" type="jump" coverage="100%" />
              </conditions>
            </line>
            <line number="458" hits="3" branch="False" />
            <line number="460" hits="3" branch="False" />
            <line number="462" hits="5" branch="False" />
            <line number="463" hits="12" branch="False" />
            <line number="465" hits="12" branch="False" />
            <line number="466" hits="12" branch="False" />
            <line number="468" hits="8" branch="False" />
            <line number="469" hits="8" branch="False" />
            <line number="470" hits="8" branch="True" condition-coverage="50% (1/2)">
              <conditions>
                <condition number="1370" type="jump" coverage="50%" />
              </conditions>
            </line>
            <line number="471" hits="0" branch="False" />
            <line number="472" hits="0" branch="False" />
            <line number="473" hits="0" branch="False" />
            <line number="475" hits="8" branch="False" />
            <line number="477" hits="24" branch="False" />
            <line number="480" hits="12" branch="True" condition-coverage="75% (3/4)">
              <conditions>
                <condition number="1393" type="jump" coverage="50%" />
                <condition number="1423" type="jump" coverage="100%" />
              </conditions>
            </line>
            <line number="481" hits="12" branch="False" />
            <line number="482" hits="8" branch="False" />
            <line number="483" hits="8" branch="False" />
            <line number="488" hits="4" branch="True" condition-coverage="50% (1/2)">
              <conditions>
                <condition number="1442" type="jump" coverage="50%" />
              </conditions>
            </line>
            <line number="489" hits="0" branch="False" />
            <line number="490" hits="0" branch="False" />
            <line number="493" hits="4" branch="True" condition-coverage="100% (6/6)">
              <conditions>
                <condition number="1482" type="jump" coverage="100%" />
                <condition number="1466" type="jump" coverage="100%" />
                <condition number="1474" type="jump" coverage="100%" />
              </conditions>
            </line>
            <line number="497" hits="3" branch="True" condition-coverage="50% (2/4)">
              <conditions>
                <condition number="1498" type="jump" coverage="50%" />
                <condition number="1534" type="jump" coverage="50%" />
              </conditions>
            </line>
            <line number="498" hits="3" branch="False" />
            <line number="499" hits="0" branch="False" />
            <line number="500" hits="0" branch="False" />
            <line number="503" hits="3" branch="False" />
            <line number="504" hits="3" branch="False" />
            <line number="505" hits="3" branch="False" />
            <line number="509" hits="1" branch="True" condition-coverage="50% (2/4)">
              <conditions>
                <condition number="1567" type="jump" coverage="50%" />
                <condition number="1603" type="jump" coverage="50%" />
              </conditions>
            </line>
            <line number="510" hits="1" branch="False" />
            <line number="511" hits="0" branch="False" />
            <line number="512" hits="0" branch="False" />
            <line number="515" hits="1" branch="False" />
            <line number="516" hits="1" branch="False" />
            <line number="517" hits="1" branch="False" />
            <line number="520" hits="0" branch="False" />
            <line number="526" hits="4" branch="False" />
            <line number="527" hits="4" branch="False" />
            <line number="529" hits="18" branch="False" />
            <line number="530" hits="18" branch="False" />
            <line number="531" hits="18" branch="True" condition-coverage="50% (1/2)">
              <conditions>
                <condition number="1656" type="jump" coverage="50%" />
              </conditions>
            </line>
            <line number="532" hits="0" branch="False" />
            <line number="533" hits="0" branch="False" />
            <line number="534" hits="0" branch="False" />
            <line number="536" hits="18" branch="False" />
            <line number="537" hits="18" branch="False" />
            <line number="538" hits="18" branch="True" condition-coverage="50% (2/4)">
              <conditions>
                <condition number="1687" type="jump" coverage="50%" />
                <condition number="1710" type="jump" coverage="50%" />
              </conditions>
            </line>
            <line number="539" hits="0" branch="False" />
            <line number="540" hits="0" branch="False" />
            <line number="542" hits="18" branch="False" />
            <line number="543" hits="18" branch="False" />
            <line number="544" hits="18" branch="False" />
            <line number="546" hits="22" branch="False" />
            <line number="547" hits="22" branch="False" />
            <line number="549" hits="22" branch="False" />
            <line number="550" hits="22" branch="False" />
            <line number="552" hits="18" branch="False" />
            <line number="553" hits="18" branch="False" />
            <line number="554" hits="18" branch="False" />
            <line number="556" hits="44" branch="False" />
            <line number="561" hits="22" branch="True" condition-coverage="50% (1/2)">
              <conditions>
                <condition number="1801" type="jump" coverage="50%" />
              </conditions>
            </line>
            <line number="562" hits="0" branch="False" />
            <line number="563" hits="0" branch="False" />
            <line number="566" hits="22" branch="True" condition-coverage="100% (4/4)">
              <conditions>
                <condition number="1833" type="jump" coverage="100%" />
                <condition number="1825" type="jump" coverage="100%" />
              </conditions>
            </line>
            <line number="570" hits="3" branch="True" condition-coverage="50% (3/6)">
              <conditions>
                <condition number="1845" type="jump" coverage="50%" />
                <condition number="1861" type="jump" coverage="50%" />
                <condition number="1886" type="jump" coverage="50%" />
              </conditions>
            </line>
            <line number="571" hits="3" branch="False" />
            <line number="572" hits="3" branch="False" />
            <line number="573" hits="0" branch="False" />
            <line number="574" hits="0" branch="False" />
            <line number="577" hits="3" branch="False" />
            <line number="578" hits="3" branch="False" />
            <line number="579" hits="3" branch="False" />
            <line number="582" hits="4" branch="False" />
            <line number="583" hits="4" branch="False" />
            <line number="584" hits="4" branch="False" />
            <line number="587" hits="15" branch="False" />
            <line number="593" hits="7" branch="True" condition-coverage="50% (1/2)">
              <conditions>
                <condition number="1937" type="jump" coverage="50%" />
              </conditions>
            </line>
            <line number="594" hits="0" branch="False" />
            <line number="595" hits="0" branch="False" />
            <line number="597" hits="7" branch="False" />
            <line number="600" hits="3" branch="False" />
            <line number="601" hits="3" branch="True" condition-coverage="50% (1/2)">
              <conditions>
                <condition number="1965" type="jump" coverage="50%" />
              </conditions>
            </line>
            <line number="602" hits="0" branch="False" />
            <line number="604" hits="0" branch="False" />
            <line number="605" hits="0" branch="False" />
            <line number="607" hits="3" branch="False" />
            <line number="608" hits="3" branch="False" />
            <line number="609" hits="3" branch="False" />
            <line number="610" hits="3" branch="False" />
            <line number="612" hits="5" branch="False" />
            <line number="613" hits="5" branch="True" condition-coverage="50% (1/2)">
              <conditions>
                <condition number="2042" type="jump" coverage="50%" />
              </conditions>
            </line>
            <line number="614" hits="0" branch="False" />
            <line number="615" hits="0" branch="False" />
            <line number="616" hits="0" branch="False" />
            <line number="618" hits="5" branch="True" condition-coverage="100% (2/2)">
              <conditions>
                <condition number="2062" type="jump" coverage="100%" />
              </conditions>
            </line>
            <line number="619" hits="2" branch="False" />
            <line number="621" hits="2" branch="False" />
            <line number="622" hits="2" branch="False" />
            <line number="624" hits="3" branch="False" />
            <line number="625" hits="20" branch="False" />
            <line number="629" hits="10" branch="False" />
            <line number="630" hits="10" branch="False" />
            <line number="633" hits="10" branch="False" />
            <line number="634" hits="10" branch="True" condition-coverage="76.08% (35/46)">
              <conditions>
                <condition number="2101" type="jump" coverage="100%" />
                <condition number="2122" type="jump" coverage="50%" />
                <condition number="2166" type="jump" coverage="100%" />
                <condition number="2187" type="jump" coverage="50%" />
                <condition number="2231" type="jump" coverage="100%" />
                <condition number="2252" type="jump" coverage="50%" />
                <condition number="2296" type="jump" coverage="100%" />
                <condition number="2317" type="jump" coverage="50%" />
                <condition number="2361" type="jump" coverage="100%" />
                <condition number="2382" type="jump" coverage="50%" />
                <condition number="2426" type="jump" coverage="100%" />
                <condition number="2447" type="jump" coverage="50%" />
                <condition number="2491" type="jump" coverage="100%" />
                <condition number="2512" type="jump" coverage="50%" />
                <condition number="2556" type="jump" coverage="100%" />
                <condition number="2577" type="jump" coverage="50%" />
                <condition number="2621" type="jump" coverage="100%" />
                <condition number="2642" type="jump" coverage="50%" />
                <condition number="2686" type="jump" coverage="100%" />
                <condition number="2705" type="jump" coverage="50%" />
                <condition number="2749" type="jump" coverage="100%" />
                <condition number="2768" type="jump" coverage="50%" />
                <condition number="2819" type="jump" coverage="100%" />
              </conditions>
            </line>
            <line number="635" hits="10" branch="False" />
            <line number="636" hits="10" branch="False" />
            <line number="637" hits="10" branch="False" />
            <line number="638" hits="10" branch="False" />
            <line number="639" hits="10" branch="False" />
            <line number="640" hits="10" branch="False" />
            <line number="641" hits="10" branch="False" />
            <line number="642" hits="10" branch="False" />
            <line number="643" hits="10" branch="False" />
            <line number="644" hits="10" branch="False" />
            <line number="645" hits="10" branch="False" />
            <line number="646" hits="5" branch="False" />
            <line number="647" hits="5" branch="False" />
            <line number="649" hits="5" branch="False" />
            <line number="651" hits="5" branch="False" />
            <line number="652" hits="5" branch="False" />
            <line number="653" hits="5" branch="False" />
            <line number="654" hits="5" branch="False" />
            <line number="658" hits="5" branch="False" />
            <line number="660" hits="5" branch="False" />
            <line number="661" hits="5" branch="False" />
            <line number="663" hits="5" branch="False" />
            <line number="666" hits="5" branch="True" condition-coverage="50% (2/4)">
              <conditions>
                <condition number="2892" type="jump" coverage="50%" />
                <condition number="2928" type="jump" coverage="50%" />
              </conditions>
            </line>
            <line number="667" hits="5" branch="False" />
            <line number="668" hits="5" branch="False" />
            <line number="673" hits="0" branch="False" />
            <line number="674" hits="0" branch="False" />
            <line number="675" hits="0" branch="False" />
            <line number="677" hits="0" branch="False" />
            <line number="678" hits="0" branch="True" condition-coverage="0% (0/2)">
              <conditions>
                <condition number="2973" type="jump" coverage="0%" />
              </conditions>
            </line>
            <line number="679" hits="0" branch="False" />
            <line number="680" hits="0" branch="False" />
            <line number="681" hits="0" branch="False" />
            <line number="683" hits="0" branch="False" />
            <line number="684" hits="0" branch="False" />
            <line number="686" hits="0" branch="False" />
            <line number="687" hits="0" branch="False" />
            <line number="689" hits="0" branch="False" />
            <line number="690" hits="0" branch="False" />
            <line number="691" hits="0" branch="False" />
            <line number="693" hits="0" branch="True" condition-coverage="0% (0/2)">
              <conditions>
                <condition number="3056" type="jump" coverage="0%" />
              </conditions>
            </line>
            <line number="694" hits="0" branch="False" />
            <line number="695" hits="0" branch="False" />
            <line number="696" hits="0" branch="False" />
            <line number="698" hits="0" branch="True" condition-coverage="0% (0/2)">
              <conditions>
                <condition number="3080" type="jump" coverage="0%" />
              </conditions>
            </line>
            <line number="699" hits="0" branch="False" />
            <line number="700" hits="0" branch="False" />
            <line number="702" hits="0" branch="False" />
            <line number="703" hits="0" branch="False" />
            <line number="705" hits="0" branch="False" />
            <line number="706" hits="0" branch="False" />
            <line number="711" hits="0" branch="True" condition-coverage="50% (1/2)">
              <conditions>
                <condition number="3137" type="jump" coverage="50%" />
              </conditions>
            </line>
            <line number="712" hits="0" branch="False" />
            <line number="713" hits="0" branch="False" />
            <line number="715" hits="0" branch="False" />
            <line number="718" hits="5" branch="False" />
            <line number="719" hits="5" branch="True" condition-coverage="50% (1/2)">
              <conditions>
                <condition number="3162" type="jump" coverage="50%" />
              </conditions>
            </line>
            <line number="720" hits="0" branch="False" />
            <line number="722" hits="0" branch="False" />
            <line number="724" hits="5" branch="False" />
            <line number="725" hits="5" branch="False" />
            <line number="726" hits="5" branch="False" />
            <line number="727" hits="5" branch="False" />
            <line number="729" hits="0" branch="False" />
            <line number="730" hits="0" branch="True" condition-coverage="0% (0/2)">
              <conditions>
                <condition number="3228" type="jump" coverage="0%" />
              </conditions>
            </line>
            <line number="731" hits="0" branch="False" />
            <line number="732" hits="0" branch="False" />
            <line number="733" hits="0" branch="False" />
            <line number="735" hits="0" branch="True" condition-coverage="0% (0/2)">
              <conditions>
                <condition number="3248" type="jump" coverage="0%" />
              </conditions>
            </line>
            <line number="736" hits="0" branch="False" />
            <line number="738" hits="0" branch="False" />
            <line number="740" hits="0" branch="False" />
            <line number="741" hits="10" branch="False" />
            <line number="745" hits="5" branch="True" condition-coverage="50% (3/6)">
              <conditions>
                <condition number="3273" type="jump" coverage="50%" />
                <condition number="3283" type="jump" coverage="50%" />
                <condition number="3311" type="jump" coverage="50%" />
              </conditions>
            </line>
            <line number="746" hits="0" branch="False" />
            <line number="747" hits="0" branch="False" />
            <line number="751" hits="5" branch="False" />
            <line number="752" hits="5" branch="False" />
            <line number="753" hits="5" branch="False" />
            <line number="764" hits="7" branch="False" />
            <line number="758" hits="55" branch="False" />
            <line number="759" hits="55" branch="True" condition-coverage="50% (1/2)">
              <conditions>
                <condition number="23" type="jump" coverage="50%" />
              </conditions>
            </line>
            <line number="760" hits="0" branch="False" />
            <line number="761" hits="0" branch="False" />
            <line number="762" hits="0" branch="False" />
            <line number="763" hits="55" branch="False" />
          </lines>
        </class>
        <class name="System.Text.RegularExpressions.Generated.&lt;RegexGenerator_g&gt;F8D5B9E306FFA23B5CE67E8E650233C860E0F6A9C06E06CD6F22344486D8994DF__TqdmPctRegex_1" filename="obj\Debug\net10.0\System.Text.RegularExpressions.Generator\System.Text.RegularExpressions.Generator.RegexGenerator\RegexGenerator.g.cs" line-rate="0" branch-rate="1" complexity="2">
          <methods>
            <method name=".ctor" signature="()" line-rate="0" branch-rate="1" complexity="1">
              <lines>
                <line number="778" hits="0" branch="False" />
                <line number="779" hits="0" branch="False" />
                <line number="780" hits="0" branch="False" />
                <line number="781" hits="0" branch="False" />
                <line number="782" hits="0" branch="False" />
                <line number="783" hits="0" branch="False" />
                <line number="784" hits="0" branch="False" />
                <line number="785" hits="0" branch="False" />
                <line number="786" hits="0" branch="False" />
              </lines>
            </method>
            <method name=".cctor" signature="()" line-rate="0" branch-rate="1" complexity="1">
              <lines>
                <line number="775" hits="0" branch="False" />
              </lines>
            </method>
          </methods>
          <lines>
            <line number="778" hits="0" branch="False" />
            <line number="779" hits="0" branch="False" />
            <line number="780" hits="0" branch="False" />
            <line number="781" hits="0" branch="False" />
            <line number="782" hits="0" branch="False" />
            <line number="783" hits="0" branch="False" />
            <line number="784" hits="0" branch="False" />
            <line number="785" hits="0" branch="False" />
            <line number="786" hits="0" branch="False" />
            <line number="775" hits="0" branch="False" />
          </lines>
        </class>
        <class name="System.Text.RegularExpressions.Generated.&lt;RegexGenerator_g&gt;F8D5B9E306FFA23B5CE67E8E650233C860E0F6A9C06E06CD6F22344486D8994DF__TqdmPctRegex_1/RunnerFactory" filename="obj\Debug\net10.0\System.Text.RegularExpressions.Generator\System.Text.RegularExpressions.Generator.RegexGenerator\RegexGenerator.g.cs" line-rate="0" branch-rate="1" complexity="1">
          <methods>
            <method name="CreateInstance" signature="()" line-rate="0" branch-rate="1" complexity="1">
              <lines>
                <line number="792" hits="0" branch="False" />
              </lines>
            </method>
          </methods>
          <lines>
            <line number="792" hits="0" branch="False" />
          </lines>
        </class>
        <class name="System.Text.RegularExpressions.Generated.&lt;RegexGenerator_g&gt;F8D5B9E306FFA23B5CE67E8E650233C860E0F6A9C06E06CD6F22344486D8994DF__TqdmPctRegex_1/RunnerFactory/Runner" filename="obj\Debug\net10.0\System.Text.RegularExpressions.Generator\System.Text.RegularExpressions.Generator.RegexGenerator\RegexGenerator.g.cs" line-rate="0" branch-rate="0" complexity="24">
          <methods>
            <method name="Scan" signature="(System.ReadOnlySpan`1&lt;System.Char&gt;)" line-rate="0" branch-rate="0" complexity="4">
              <lines>
                <line number="800" hits="0" branch="False" />
                <line number="802" hits="0" branch="True" condition-coverage="0% (0/4)">
                  <conditions>
                    <condition number="8" type="jump" coverage="0%" />
                    <condition number="25" type="jump" coverage="0%" />
                  </conditions>
                </line>
                <line number="803" hits="0" branch="False" />
                <line number="804" hits="0" branch="False" />
                <line number="805" hits="0" branch="False" />
[...]
              <lines>
                <line number="22" hits="0" branch="False" />
              </lines>
            </method>
            <method name="get_Label" signature="()" line-rate="0" branch-rate="1" complexity="1">
              <lines>
                <line number="23" hits="0" branch="False" />
              </lines>
            </method>
            <method name="get_Category" signature="()" line-rate="0" branch-rate="1" complexity="1">
              <lines>
                <line number="24" hits="0" branch="False" />
              </lines>
            </method>
            <method name="get_Description" signature="()" line-rate="0" branch-rate="1" complexity="1">
              <lines>
                <line number="25" hits="0" branch="False" />
              </lines>
            </method>
            <method name="get_ModelCount" signature="()" line-rate="0" branch-rate="1" complexity="1">
              <lines>
                <line number="26" hits="0" branch="False" />
              </lines>
            </method>
            <method name="get_Vram" signature="()" line-rate="0" branch-rate="1" complexity="1">
              <lines>
                <line number="27" hits="0" branch="False" />
              </lines>
            </method>
            <method name="get_Mode" signature="()" line-rate="1" branch-rate="1" complexity="1">
              <lines>
                <line number="28" hits="3" branch="False" />
              </lines>
            </method>
            <method name="get_PrimaryModel" signature="()" line-rate="1" branch-rate="1" complexity="1">
              <lines>
                <line number="31" hits="3" branch="False" />
              </lines>
            </method>
            <method name="get_EnsembleAlgorithm" signature="()" line-rate="1" branch-rate="1" complexity="1">
              <lines>
                <line number="32" hits="2" branch="False" />
              </lines>
            </method>
            <method name="get_ExtraModels" signature="()" line-rate="1" branch-rate="1" complexity="1">
              <lines>
                <line number="33" hits="2" branch="False" />
              </lines>
            </method>
            <method name="get_EnsembleWeights" signature="()" line-rate="1" branch-rate="1" complexity="1">
              <lines>
                <line number="34" hits="1" branch="False" />
              </lines>
            </method>
            <method name=".ctor" signature="(System.String,System.String,StemForge.Models.PresetCategory,System.String,System.Int32,System.String,StemForge.Models.SeparationMode,System.String,System.String,System.Collections.Generic.IReadOnlyList`1&lt;System.String&gt;,System.Collections.Generic.IReadOnlyList`1&lt;System.Double&gt;)" line-rate="1" branch-rate="1" complexity="1">
              <lines>
                <line number="21" hits="3" branch="False" />
                <line number="29" hits="3" branch="False" />
                <line number="30" hits="3" branch="False" />
                <line number="35" hits="3" branch="False" />
              </lines>
            </method>
          </methods>
          <lines>
            <line number="22" hits="0" branch="False" />
            <line number="23" hits="0" branch="False" />
            <line number="24" hits="0" branch="False" />
            <line number="25" hits="0" branch="False" />
            <line number="26" hits="0" branch="False" />
            <line number="27" hits="0" branch="False" />
            <line number="28" hits="3" branch="False" />
            <line number="31" hits="3" branch="False" />
            <line number="32" hits="2" branch="False" />
            <line number="33" hits="2" branch="False" />
            <line number="34" hits="1" branch="False" />
            <line number="21" hits="3" branch="False" />
            <line number="29" hits="3" branch="False" />
            <line number="30" hits="3" branch="False" />
            <line number="35" hits="3" branch="False" />
          </lines>
        </class>
        <class name="StemForge.Models.SeparationProgress" filename="Models\SeparationProgress.cs" line-rate="0" branch-rate="1" complexity="6">
          <methods>
            <method name="get_PresetIndex" signature="()" line-rate="0" branch-rate="1" complexity="1">
              <lines>
                <line number="4" hits="0" branch="False" />
              </lines>
            </method>
            <method name="get_PresetCount" signature="()" line-rate="0" branch-rate="1" complexity="1">
              <lines>
                <line number="5" hits="0" branch="False" />
              </lines>
            </method>
            <method name="get_PresetLabel" signature="()" line-rate="0" branch-rate="1" complexity="1">
              <lines>
                <line number="6" hits="0" branch="False" />
              </lines>
            </method>
            <method name="get_StepLabel" signature="()" line-rate="0" branch-rate="1" complexity="1">
              <lines>
                <line number="7" hits="0" branch="False" />
              </lines>
            </method>
            <method name="get_StepPercent" signature="()" line-rate="0" branch-rate="1" complexity="1">
              <lines>
                <line number="8" hits="0" branch="False" />
              </lines>
            </method>
            <method name=".ctor" signature="(System.Int32,System.Int32,System.String,System.String,System.Int32)" line-rate="0" branch-rate="1" complexity="1">
              <lines>
                <line number="3" hits="0" branch="False" />
                <line number="9" hits="0" branch="False" />
              </lines>
            </method>
          </methods>
          <lines>
            <line number="4" hits="0" branch="False" />
            <line number="5" hits="0" branch="False" />
            <line number="6" hits="0" branch="False" />
            <line number="7" hits="0" branch="False" />
            <line number="8" hits="0" branch="False" />
            <line number="3" hits="0" branch="False" />
            <line number="9" hits="0" branch="False" />
          </lines>
        </class>
        <class name="StemForge.Extensions.SpecialFolderExtensions" filename="Extensions\SpecialFolderExtensions.cs" line-rate="1" branch-rate="1" complexity="1">
          <methods>
            <method name="GetFolderPath" signature="(System.Environment/SpecialFolder,System.ReadOnlySpan`1&lt;System.String&gt;)" line-rate="1" branch-rate="1" complexity="1">
              <lines>
                <line number="8" hits="37" branch="False" />
              </lines>
            </method>
          </methods>
          <lines>
            <line number="8" hits="37" branch="False" />
          </lines>
        </class>
        <class name="CompiledAvaloniaXaml.!AvaloniaResources" filename="Styles\Tokens.axaml" line-rate="0" branch-rate="0" complexity="4">
          <methods>
            <method name="/Styles/Tokens.axaml" signature="(System.IServiceProvider,Avalonia.Controls.ResourceDictionary)" line-rate="0" branch-rate="0" complexity="4">
              <lines>
                <line number="1" hits="0" branch="True" condition-coverage="0% (0/4)">
                  <conditions>
                    <condition number="64" type="jump" coverage="0%" />
                    <condition number="2341" type="jump" coverage="0%" />
                  </conditions>
                </line>
                <line number="7" hits="0" branch="False" />
                <line number="8" hits="0" branch="False" />
                <line number="9" hits="0" branch="False" />
                <line number="10" hits="0" branch="False" />
                <line number="13" hits="0" branch="False" />
                <line number="14" hits="0" branch="False" />
                <line number="15" hits="0" branch="False" />
                <line number="18" hits="0" branch="False" />
                <line number="19" hits="0" branch="False" />
                <line number="20" hits="0" branch="False" />
                <line number="23" hits="0" branch="False" />
                <line number="24" hits="0" branch="False" />
                <line number="25" hits="0" branch="False" />
                <line number="26" hits="0" branch="False" />
                <line number="29" hits="0" branch="False" />
                <line number="30" hits="0" branch="False" />
                <line number="31" hits="0" branch="False" />
                <line number="35" hits="0" branch="False" />
                <line number="36" hits="0" branch="False" />
                <line number="37" hits="0" branch="False" />
                <line number="38" hits="0" branch="False" />
                <line number="40" hits="0" branch="False" />
                <line number="41" hits="0" branch="False" />
                <line number="42" hits="0" branch="False" />
                <line number="44" hits="0" branch="False" />
                <line number="45" hits="0" branch="False" />
                <line number="46" hits="0" branch="False" />
                <line number="48" hits="0" branch="False" />
                <line number="49" hits="0" branch="False" />
                <line number="50" hits="0" branch="False" />
                <line number="51" hits="0" branch="False" />
                <line number="53" hits="0" branch="False" />
                <line number="54" hits="0" branch="False" />
                <line number="55" hits="0" branch="False" />
                <line number="58" hits="0" branch="False" />
                <line number="65" hits="0" branch="False" />
                <line number="66" hits="0" branch="False" />
                <line number="69" hits="0" branch="False" />
                <line number="70" hits="0" branch="False" />
                <line number="71" hits="0" branch="False" />
                <line number="72" hits="0" branch="False" />
                <line number="74" hits="0" branch="False" />
                <line number="75" hits="0" branch="False" />
                <line number="76" hits="0" branch="False" />
                <line number="77" hits="0" branch="False" />
              </lines>
            </method>
          </methods>
          <lines>
            <line number="1" hits="0" branch="True" condition-coverage="0% (0/4)">
              <conditions>
                <condition number="64" type="jump" coverage="0%" />
                <condition number="2341" type="jump" coverage="0%" />
              </conditions>
            </line>
            <line number="7" hits="0" branch="False" />
            <line number="8" hits="0" branch="False" />
            <line number="9" hits="0" branch="False" />
            <line number="10" hits="0" branch="False" />
            <line number="13" hits="0" branch="False" />
            <line number="14" hits="0" branch="False" />
            <line number="15" hits="0" branch="False" />
            <line number="18" hits="0" branch="False" />
            <line number="19" hits="0" branch="False" />
            <line number="20" hits="0" branch="False" />
            <line number="23" hits="0" branch="False" />
            <line number="24" hits="0" branch="False" />
            <line number="25" hits="0" branch="False" />
            <line number="26" hits="0" branch="False" />
            <line number="29" hits="0" branch="False" />
            <line number="30" hits="0" branch="False" />
            <line number="31" hits="0" branch="False" />
            <line number="35" hits="0" branch="False" />
            <line number="36" hits="0" branch="False" />
            <line number="37" hits="0" branch="False" />
            <line number="38" hits="0" branch="False" />
            <line number="40" hits="0" branch="False" />
            <line number="41" hits="0" branch="False" />
            <line number="42" hits="0" branch="False" />
            <line number="44" hits="0" branch="False" />
            <line number="45" hits="0" branch="False" />
            <line number="46" hits="0" branch="False" />
            <line number="48" hits="0" branch="False" />
            <line number="49" hits="0" branch="False" />
            <line number="50" hits="0" branch="False" />
            <line number="51" hits="0" branch="False" />
            <line number="53" hits="0" branch="False" />
            <line number="54" hits="0" branch="False" />
            <line number="55" hits="0" branch="False" />
            <line number="58" hits="0" branch="False" />
            <line number="65" hits="0" branch="False" />
            <line number="66" hits="0" branch="False" />
            <line number="69" hits="0" branch="False" />
            <line number="70" hits="0" branch="False" />
            <line number="71" hits="0" branch="False" />
            <line number="72" hits="0" branch="False" />
            <line number="74" hits="0" branch="False" />
            <line number="75" hits="0" branch="False" />
            <line number="76" hits="0" branch="False" />
            <line number="77" hits="0" branch="False" />
          </lines>
        </class>
        <class name="CompiledAvaloniaXaml.!AvaloniaResources/XamlClosure_1" filename="Styles\Tokens.axaml" line-rate="0" branch-rate="1" complexity="1">
          <methods>
            <method name="Build_18" signature="(System.IServiceProvider)" line-rate="0" branch-rate="1" complexity="1">
              <lines>
                <line number="59" hits="0" branch="False" />
                <line number="60" hits="0" branch="False" />
              </lines>
            </method>
          </methods>
          <lines>
            <line number="59" hits="0" branch="False" />
            <line number="60" hits="0" branch="False" />
          </lines>
        </class>
        <class name="CompiledAvaloniaXaml.!AvaloniaResources" filename="Styles\Controls.axaml" line-rate="0" branch-rate="0" complexity="2">
          <methods>
            <method name="/Styles/Controls.axaml" signature="(System.IServiceProvider,Avalonia.Styling.Styles)" line-rate="0" branch-rate="0" complexity="2">
              <lines>
                <line number="1" hits="0" branch="True" condition-coverage="0% (0/2)">
                  <conditions>
                    <condition number="4026" type="jump" coverage="0%" />
                  </conditions>
                </line>
                <line number="5" hits="0" branch="False" />
                <line number="6" hits="0" branch="False" />
                <line number="7" hits="0" branch="False" />
                <line number="8" hits="0" branch="False" />
                <line number="12" hits="0" branch="False" />
                <line number="13" hits="0" branch="False" />
                <line number="17" hits="0" branch="False" />
                <line number="18" hits="0" branch="False" />
                <line number="19" hits="0" branch="False" />
                <line number="20" hits="0" branch="False" />
                <line number="24" hits="0" branch="False" />
                <line number="25" hits="0" branch="False" />
                <line number="26" hits="0" branch="False" />
                <line number="27" hits="0" branch="False" />
                <line number="28" hits="0" branch="False" />
                <line number="32" hits="0" branch="False" />
                <line number="33" hits="0" branch="False" />
                <line number="35" hits="0" branch="False" />
                <line number="36" hits="0" branch="False" />
                <line number="40" hits="0" branch="False" />
                <line number="41" hits="0" branch="False" />
                <line number="45" hits="0" branch="False" />
                <line number="46" hits="0" branch="False" />
                <line number="47" hits="0" branch="False" />
                <line number="48" hits="0" branch="False" />
                <line number="49" hits="0" branch="False" />
                <line number="50" hits="0" branch="False" />
                <line number="51" hits="0" branch="False" />
                <line number="53" hits="0" branch="False" />
                <line number="54" hits="0" branch="False" />
                <line number="56" hits="0" branch="False" />
                <line number="57" hits="0" branch="False" />
                <line number="61" hits="0" branch="False" />
                <line number="62" hits="0" branch="False" />
                <line number="63" hits="0" branch="False" />
                <line number="64" hits="0" branch="False" />
                <line number="65" hits="0" branch="False" />
                <line number="66" hits="0" branch="False" />
                <line number="67" hits="0" branch="False" />
                <line number="68" hits="0" branch="False" />
                <line number="70" hits="0" branch="False" />
                <line number="71" hits="0" branch="False" />
                <line number="72" hits="0" branch="False" />
              </lines>
            </method>
          </methods>
          <lines>
            <line number="1" hits="0" branch="True" condition-coverage="0% (0/2)">
              <conditions>
                <condition number="4026" type="jump" coverage="0%" />
              </conditions>
            </line>
            <line number="5" hits="0" branch="False" />
            <line number="6" hits="0" branch="False" />
            <line number="7" hits="0" branch="False" />
            <line number="8" hits="0" branch="False" />
            <line number="12" hits="0" branch="False" />
            <line number="13" hits="0" branch="False" />
            <line number="17" hits="0" branch="False" />
            <line number="18" hits="0" branch="False" />
            <line number="19" hits="0" branch="False" />
            <line number="20" hits="0" branch="False" />
            <line number="24" hits="0" branch="False" />
            <line number="25" hits="0" branch="False" />
            <line number="26" hits="0" branch="False" />
            <line number="27" hits="0" branch="False" />
            <line number="28" hits="0" branch="False" />
            <line number="32" hits="0" branch="False" />
            <line number="33" hits="0" branch="False" />
            <line number="35" hits="0" branch="False" />
            <line number="36" hits="0" branch="False" />
            <line number="40" hits="0" branch="False" />
            <line number="41" hits="0" branch="False" />
            <line number="45" hits="0" branch="False" />
            <line number="46" hits="0" branch="False" />
            <line number="47" hits="0" branch="False" />
            <line number="48" hits="0" branch="False" />
            <line number="49" hits="0" branch="False" />
            <line number="50" hits="0" branch="False" />
            <line number="51" hits="0" branch="False" />
            <line number="53" hits="0" branch="False" />
            <line number="54" hits="0" branch="False" />
            <line number="56" hits="0" branch="False" />
            <line number="57" hits="0" branch="False" />
            <line number="61" hits="0" branch="False" />
            <line number="62" hits="0" branch="False" />
            <line number="63" hits="0" branch="False" />
            <line number="64" hits="0" branch="False" />
            <line number="65" hits="0" branch="False" />
            <line number="66" hits="0" branch="False" />
            <line number="67" hits="0" branch="False" />
            <line number="68" hits="0" branch="False" />
            <line number="70" hits="0" branch="False" />
            <line number="71" hits="0" branch="False" />
            <line number="72" hits="0" branch="False" />
          </lines>
        </class>
      </classes>
    </package>
  </packages>
</coverage>